{"/Users/astratec/CODE/fernando-herrera/nodejs/node-de-cero-a-experto-2024/05-NOC/src/domain/entities/log.entity.ts": {"path":"/Users/astratec/CODE/fernando-herrera/nodejs/node-de-cero-a-experto-2024/05-NOC/src/domain/entities/log.entity.ts","all":false,"statementMap":{"0":{"start":{"line":1,"column":0},"end":{"line":1,"column":30}},"1":{"start":{"line":2,"column":0},"end":{"line":2,"column":17}},"2":{"start":{"line":3,"column":0},"end":{"line":3,"column":20}},"3":{"start":{"line":4,"column":0},"end":{"line":4,"column":18}},"4":{"start":{"line":5,"column":0},"end":{"line":5,"column":1}},"5":{"start":{"line":6,"column":0},"end":{"line":6,"column":0}},"6":{"start":{"line":7,"column":0},"end":{"line":7,"column":29}},"7":{"start":{"line":8,"column":0},"end":{"line":8,"column":18}},"8":{"start":{"line":9,"column":0},"end":{"line":9,"column":26}},"9":{"start":{"line":10,"column":0},"end":{"line":10,"column":17}},"10":{"start":{"line":11,"column":0},"end":{"line":11,"column":19}},"11":{"start":{"line":12,"column":0},"end":{"line":12,"column":1}},"12":{"start":{"line":13,"column":0},"end":{"line":13,"column":0}},"13":{"start":{"line":14,"column":0},"end":{"line":14,"column":17}},"14":{"start":{"line":15,"column":0},"end":{"line":15,"column":0}},"15":{"start":{"line":16,"column":0},"end":{"line":16,"column":33}},"16":{"start":{"line":17,"column":0},"end":{"line":17,"column":25}},"17":{"start":{"line":18,"column":0},"end":{"line":18,"column":24}},"18":{"start":{"line":19,"column":0},"end":{"line":19,"column":26}},"19":{"start":{"line":20,"column":0},"end":{"line":20,"column":0}},"20":{"start":{"line":21,"column":0},"end":{"line":21,"column":36}},"21":{"start":{"line":22,"column":0},"end":{"line":22,"column":35}},"22":{"start":{"line":23,"column":0},"end":{"line":23,"column":37}},"23":{"start":{"line":24,"column":0},"end":{"line":24,"column":36}},"24":{"start":{"line":25,"column":0},"end":{"line":25,"column":81}},"25":{"start":{"line":26,"column":0},"end":{"line":26,"column":3}},"26":{"start":{"line":27,"column":0},"end":{"line":27,"column":0}},"27":{"start":{"line":28,"column":0},"end":{"line":28,"column":50}},"28":{"start":{"line":29,"column":0},"end":{"line":29,"column":0}},"29":{"start":{"line":30,"column":0},"end":{"line":30,"column":54}},"30":{"start":{"line":31,"column":0},"end":{"line":31,"column":2}},"31":{"start":{"line":32,"column":0},"end":{"line":32,"column":31}},"32":{"start":{"line":33,"column":0},"end":{"line":33,"column":37}},"33":{"start":{"line":34,"column":0},"end":{"line":34,"column":35}},"34":{"start":{"line":35,"column":0},"end":{"line":35,"column":36}},"35":{"start":{"line":36,"column":0},"end":{"line":36,"column":86}},"36":{"start":{"line":37,"column":0},"end":{"line":37,"column":7}},"37":{"start":{"line":38,"column":0},"end":{"line":38,"column":0}},"38":{"start":{"line":39,"column":0},"end":{"line":39,"column":15}},"39":{"start":{"line":40,"column":0},"end":{"line":40,"column":0}},"40":{"start":{"line":41,"column":0},"end":{"line":41,"column":3}},"41":{"start":{"line":42,"column":0},"end":{"line":42,"column":0}},"42":{"start":{"line":43,"column":0},"end":{"line":43,"column":58}},"43":{"start":{"line":44,"column":0},"end":{"line":44,"column":33}},"44":{"start":{"line":45,"column":0},"end":{"line":45,"column":4}},"45":{"start":{"line":46,"column":0},"end":{"line":46,"column":0}},"46":{"start":{"line":47,"column":0},"end":{"line":47,"column":60}},"47":{"start":{"line":48,"column":0},"end":{"line":48,"column":28}},"48":{"start":{"line":49,"column":0},"end":{"line":49,"column":64}},"49":{"start":{"line":50,"column":0},"end":{"line":50,"column":3}},"50":{"start":{"line":51,"column":0},"end":{"line":51,"column":0}},"51":{"start":{"line":52,"column":0},"end":{"line":52,"column":1}},"52":{"start":{"line":53,"column":0},"end":{"line":53,"column":0}},"53":{"start":{"line":54,"column":0},"end":{"line":54,"column":25}}},"s":{"0":1,"1":1,"2":1,"3":1,"4":1,"5":1,"6":1,"7":1,"8":1,"9":1,"10":1,"11":1,"12":1,"13":1,"14":1,"15":1,"16":1,"17":1,"18":1,"19":1,"20":1,"21":4,"22":4,"23":4,"24":4,"25":4,"26":1,"27":1,"28":1,"29":1,"30":1,"31":1,"32":1,"33":1,"34":1,"35":1,"36":1,"37":1,"38":1,"39":1,"40":1,"41":1,"42":1,"43":1,"44":1,"45":1,"46":1,"47":3,"48":3,"49":3,"50":1,"51":1,"52":1,"53":1},"branchMap":{"0":{"type":"branch","line":1,"loc":{"start":{"line":1,"column":0},"end":{"line":5,"column":1}},"locations":[{"start":{"line":1,"column":0},"end":{"line":5,"column":1}}]},"1":{"type":"branch","line":21,"loc":{"start":{"line":21,"column":2},"end":{"line":26,"column":3}},"locations":[{"start":{"line":21,"column":2},"end":{"line":26,"column":3}}]},"2":{"type":"branch","line":25,"loc":{"start":{"line":25,"column":38},"end":{"line":25,"column":80}},"locations":[{"start":{"line":25,"column":38},"end":{"line":25,"column":80}}]},"3":{"type":"branch","line":47,"loc":{"start":{"line":47,"column":12},"end":{"line":50,"column":3}},"locations":[{"start":{"line":47,"column":12},"end":{"line":50,"column":3}}]},"4":{"type":"branch","line":28,"loc":{"start":{"line":28,"column":20},"end":{"line":41,"column":3}},"locations":[{"start":{"line":28,"column":20},"end":{"line":41,"column":3}}]},"5":{"type":"branch","line":36,"loc":{"start":{"line":36,"column":73},"end":{"line":36,"column":85}},"locations":[{"start":{"line":36,"column":73},"end":{"line":36,"column":85}}]},"6":{"type":"branch","line":43,"loc":{"start":{"line":43,"column":22},"end":{"line":45,"column":4}},"locations":[{"start":{"line":43,"column":22},"end":{"line":45,"column":4}}]}},"b":{"0":[1],"1":[4],"2":[2],"3":[3],"4":[1],"5":[0],"6":[1]},"fnMap":{"0":{"name":"LogEntity","decl":{"start":{"line":21,"column":2},"end":{"line":26,"column":3}},"loc":{"start":{"line":21,"column":2},"end":{"line":26,"column":3}},"line":21},"1":{"name":"generateDate","decl":{"start":{"line":47,"column":12},"end":{"line":50,"column":3}},"loc":{"start":{"line":47,"column":12},"end":{"line":50,"column":3}},"line":47},"2":{"name":"Object.<anonymous>.LogEntity.fromJSON","decl":{"start":{"line":28,"column":20},"end":{"line":41,"column":3}},"loc":{"start":{"line":28,"column":20},"end":{"line":41,"column":3}},"line":28},"3":{"name":"Object.<anonymous>.LogEntity.fromObject","decl":{"start":{"line":43,"column":22},"end":{"line":45,"column":4}},"loc":{"start":{"line":43,"column":22},"end":{"line":45,"column":4}},"line":43}},"f":{"0":4,"1":3,"2":1,"3":1}}
}
