TN:
SF:src/domain/entities/log.entity.ts
FN:21,LogEntity
FN:47,generateDate
FN:28,Object.<anonymous>.LogEntity.fromJSON
FN:43,Object.<anonymous>.LogEntity.fromObject
FNF:4
FNH:4
FNDA:4,LogEntity
FNDA:3,generateDate
FNDA:1,Object.<anonymous>.LogEntity.fromJSON
FNDA:1,Object.<anonymous>.LogEntity.fromObject
DA:1,1
DA:2,1
DA:3,1
DA:4,1
DA:5,1
DA:6,1
DA:7,1
DA:8,1
DA:9,1
DA:10,1
DA:11,1
DA:12,1
DA:13,1
DA:14,1
DA:15,1
DA:16,1
DA:17,1
DA:18,1
DA:19,1
DA:20,1
DA:21,1
DA:22,4
DA:23,4
DA:24,4
DA:25,4
DA:26,4
DA:27,1
DA:28,1
DA:29,1
DA:30,1
DA:31,1
DA:32,1
DA:33,1
DA:34,1
DA:35,1
DA:36,1
DA:37,1
DA:38,1
DA:39,1
DA:40,1
DA:41,1
DA:42,1
DA:43,1
DA:44,1
DA:45,1
DA:46,1
DA:47,1
DA:48,3
DA:49,3
DA:50,3
DA:51,1
DA:52,1
DA:53,1
DA:54,1
LF:54
LH:54
BRDA:1,0,0,1
BRDA:21,1,0,4
BRDA:25,2,0,2
BRDA:47,3,0,3
BRDA:28,4,0,1
BRDA:36,5,0,0
BRDA:43,6,0,1
BRF:7
BRH:6
end_of_record
